<?xml version="1.0" encoding="UTF-8"?>
<robot generator="Robot 3.2.2 (Python 3.9.1 on win32)" generated="20210228 21:24:42.904" rpa="false">
<suite id="s1" name="Test" source="C:\Windows\System32\config\systemprofile\AppData\Local\Jenkins\.jenkins\workspace\robot-test\robotframework\test.robot">
<test id="s1-t1" name="Page Should Show Header">
<kw name="Open Browser And Go To Page" type="setup">
<kw name="Open Browser" library="SeleniumLibrary">
<doc>Opens a new browser instance to the optional ``url``.</doc>
<arguments>
<arg>${FORM_URL}</arg>
<arg>${BROWSER}</arg>
</arguments>
<msg timestamp="20210228 21:24:44.833" level="INFO">Opening browser 'chrome' to base url 'https://www.google.com/'.</msg>
<status status="PASS" starttime="20210228 21:24:44.832" endtime="20210228 21:24:48.997"></status>
</kw>
<status status="PASS" starttime="20210228 21:24:44.832" endtime="20210228 21:24:48.997"></status>
</kw>
<kw name="Page Should Contain" library="SeleniumLibrary">
<doc>Verifies that current page contains ``text``.</doc>
<arguments>
<arg>Google</arg>
</arguments>
<msg timestamp="20210228 21:24:49.016" level="INFO">Current page contains text 'Google'.</msg>
<status status="PASS" starttime="20210228 21:24:48.997" endtime="20210228 21:24:49.016"></status>
</kw>
<kw name="Close Browser" library="SeleniumLibrary" type="teardown">
<doc>Closes the current browser.</doc>
<status status="PASS" starttime="20210228 21:24:49.016" endtime="20210228 21:24:51.114"></status>
</kw>
<doc>When visit the page it should show the text Hello World</doc>
<status status="PASS" starttime="20210228 21:24:44.831" endtime="20210228 21:24:51.115" critical="yes"></status>
</test>
<status status="PASS" starttime="20210228 21:24:42.906" endtime="20210228 21:24:51.117"></status>
</suite>
<statistics>
<total>
<stat pass="1" fail="0">Critical Tests</stat>
<stat pass="1" fail="0">All Tests</stat>
</total>
<tag>
</tag>
<suite>
<stat pass="1" fail="0" id="s1" name="Test">Test</stat>
</suite>
</statistics>
<errors>
</errors>
</robot>
